-1 [-1] Ceres
-3 [-3] Mars_Orbiter_Mission
-5 [-5] Planet-C
-21 [-21] Soho
-31 [-31] Voyager1
-32 [-32] Voyager2
-37 [-37] Hayabusa2
-41 [-41] Mars_Express
-53 [-53] Mars_Odyssey
-61 [-61] Juno
-64 [-64] OSIRIS-REx
-74 [-74] MRO
-79 [-79] Spitzer
-82 [-82] Cassini
-95 [-95] Tess
-96 [-96] Parker_Solar_Probe
-98 [-98] New_Horizons
-121 [-121] BepiColombo
-130 [-130] Hayabusa
-140 [-140] EPOXI
-143 [-143] ExoMars_TGO
-144 [-144] Solar_Orbiter_Spacecraft
-170 [-170] JWST
-202 [-202] MAVEN
-203 [-203] Dawn
-227 [-227] Kepler
-234 [-234] STEREO-A
-235 [-235] STEREO-B
-557 [-557] Spektr-R
-139479 [-139479] Gaia
10 [10] Sun
199 [199] Mercury
299 [299] Venus
391 [391] Ingeborg
392 [392] Wilhelmina
499 [499] Mars
599 [599] Jupiter
699 [699] Saturn
799 [799] Uranus
899 [899] Neptune
999 [999] Pluto
144 [144] ESA_SOLO
101955 [101955] Bennu
162173 [162173] Ryugu
